<?xml version="1.0" encoding="UTF-8"?>
<TestRun id="df92b224-889e-429a-8ff9-dbb97d897ea5" name="zhujinrong@517-02-01-633 2015-04-27 14:15:57" runUser="517NA\zhujinrong" xmlns="http://microsoft.com/schemas/VisualStudio/TeamTest/2006">
  <TestRunConfiguration name="本地测试运行" id="20110142-b15f-4df1-8658-7959cd942755">
    <Description>这是本地测试运行的默认测试运行配置。</Description>
    <Deployment runDeploymentRoot="D:\001code\CommonSecurityComponent\CommonSecurityComponent\TestResults\zhujinrong_517-02-01-633 2015-04-27 14_15_57">
      <DeploymentItem filename="D:\001code\CommonSecurityComponent\CommonSecurityComponent\Lucky.CommonSecurity.Tool\bin\Debug\Lucky.CommonSecurity.Tool.dll" />
    </Deployment>
    <TestTypeSpecific />
  </TestRunConfiguration>
  <ResultSummary outcome="Error">
    <Counters total="1" executed="1" error="0" failed="0" timeout="0" aborted="1" inconclusive="0" passedButRunAborted="0" notRunnable="0" notExecuted="0" disconnected="0" warning="0" passed="0" completed="0" inProgress="0" pending="0" />
    <RunInfos>
      <RunInfo computerName="517-02-01-633" outcome="Error" timestamp="2015-04-27T14:16:12.3886033+08:00">
        <Text>测试宿主进程意外退出。</Text>
      </RunInfo>
    </RunInfos>
  </ResultSummary>
  <Times creation="2015-04-27T14:15:57.9877796+08:00" queuing="2015-04-27T14:15:59.8298850+08:00" start="2015-04-27T14:15:59.9228903+08:00" finish="2015-04-27T14:16:12.3896034+08:00" />
  <TestDefinitions>
    <UnitTest name="TestMethod1" storage="d:\001code\commonsecuritycomponent\commonsecuritycomponent\testproject1\bin\debug\testproject1.dll" id="59863143-3238-122e-4d8a-637b491cc755">
      <Css projectStructure="" iteration="" />
      <Owners>
        <Owner name="" />
      </Owners>
      <TestMethod codeBase="D:\001code\CommonSecurityComponent\CommonSecurityComponent\TestProject1\bin\Debug\TestProject1.dll" adapterTypeName="Microsoft.VisualStudio.TestTools.TestTypes.Unit.UnitTestAdapter, Microsoft.VisualStudio.QualityTools.Tips.UnitTest.Adapter, Version=9.0.0.0, Culture=neutral, PublicKeyToken=b03f5f7f11d50a3a" className="TestProject1.UnitTest1, TestProject1" name="TestMethod1" />
    </UnitTest>
  </TestDefinitions>
  <TestLists>
    <TestList name="列表中未列出的结果" id="8c84fa94-04c1-424b-9868-57a2d4851a1d" />
    <TestList name="所有已加载的结果" id="19431567-8539-422a-85d7-44ee4e166bda" />
  </TestLists>
  <TestEntries>
    <TestEntry testId="59863143-3238-122e-4d8a-637b491cc755" executionId="1d65a597-c206-49c6-bed3-cade3730beb4" testListId="8c84fa94-04c1-424b-9868-57a2d4851a1d" />
  </TestEntries>
  <Results>
    <UnitTestResult executionId="1d65a597-c206-49c6-bed3-cade3730beb4" testId="59863143-3238-122e-4d8a-637b491cc755" testName="TestMethod1" computerName="517-02-01-633" duration="00:00:12.3107042" startTime="2015-04-27T14:16:00.0788992+08:00" endTime="2015-04-27T14:16:12.3896034+08:00" testType="13cdc9d9-ddb5-4fa4-a97d-d965ccfc6d4b" outcome="Aborted" testListId="8c84fa94-04c1-424b-9868-57a2d4851a1d">
    </UnitTestResult>
  </Results>
</TestRun>