<?xml version="1.0" encoding="UTF-8"?>
<TestRun id="ada657df-cebb-411c-b512-e585112700d2" name="zhujinrong@517-02-01-633 2015-04-27 14:09:27" runUser="517NA\zhujinrong" xmlns="http://microsoft.com/schemas/VisualStudio/TeamTest/2006">
  <TestRunConfiguration name="本地测试运行" id="20110142-b15f-4df1-8658-7959cd942755">
    <Description>这是本地测试运行的默认测试运行配置。</Description>
    <Deployment runDeploymentRoot="D:\001code\CommonSecurityComponent\CommonSecurityComponent\TestResults\zhujinrong_517-02-01-633 2015-04-27 14_09_27">
      <DeploymentItem filename="D:\001code\CommonSecurityComponent\CommonSecurityComponent\Lucky.CommonSecurity.Tool\obj\Debug\Lucky.CommonSecurity.Tool.dll" />
    </Deployment>
    <TestTypeSpecific />
  </TestRunConfiguration>
  <ResultSummary outcome="Completed">
    <Counters total="1" executed="1" passed="1" error="0" failed="0" timeout="0" aborted="0" inconclusive="0" passedButRunAborted="0" notRunnable="0" notExecuted="0" disconnected="0" warning="0" completed="0" inProgress="0" pending="0" />
  </ResultSummary>
  <Times creation="2015-04-27T14:09:27.0884214+08:00" queuing="2015-04-27T14:09:31.3646660+08:00" start="2015-04-27T14:09:31.6576828+08:00" finish="2015-04-27T14:09:44.9024404+08:00" />
  <TestDefinitions>
    <UnitTest name="TestMethod1" storage="d:\001code\commonsecuritycomponent\commonsecuritycomponent\testproject1\bin\debug\testproject1.dll" id="59863143-3238-122e-4d8a-637b491cc755">
      <Css projectStructure="" iteration="" />
      <Owners>
        <Owner name="" />
      </Owners>
      <Execution id="3924ec8b-e1f2-4162-a415-d80bc0d7ce20" />
      <TestMethod codeBase="D:\001code\CommonSecurityComponent\CommonSecurityComponent\TestProject1\bin\Debug\TestProject1.dll" adapterTypeName="Microsoft.VisualStudio.TestTools.TestTypes.Unit.UnitTestAdapter, Microsoft.VisualStudio.QualityTools.Tips.UnitTest.Adapter, Version=9.0.0.0, Culture=neutral, PublicKeyToken=b03f5f7f11d50a3a" className="TestProject1.UnitTest1, TestProject1" name="TestMethod1" />
    </UnitTest>
  </TestDefinitions>
  <TestLists>
    <TestList name="列表中未列出的结果" id="8c84fa94-04c1-424b-9868-57a2d4851a1d" />
    <TestList name="所有已加载的结果" id="19431567-8539-422a-85d7-44ee4e166bda" />
  </TestLists>
  <TestEntries>
    <TestEntry testId="59863143-3238-122e-4d8a-637b491cc755" executionId="3924ec8b-e1f2-4162-a415-d80bc0d7ce20" testListId="8c84fa94-04c1-424b-9868-57a2d4851a1d" />
  </TestEntries>
  <Results>
    <UnitTestResult executionId="3924ec8b-e1f2-4162-a415-d80bc0d7ce20" testId="59863143-3238-122e-4d8a-637b491cc755" testName="TestMethod1" computerName="517-02-01-633" duration="00:00:12.4283269" startTime="2015-04-27T14:09:31.8046912+08:00" endTime="2015-04-27T14:09:44.8234358+08:00" testType="13cdc9d9-ddb5-4fa4-a97d-d965ccfc6d4b" outcome="Passed" testListId="8c84fa94-04c1-424b-9868-57a2d4851a1d">
      <Output>
      </Output>
    </UnitTestResult>
  </Results>
</TestRun>