<?xml version="1.0" encoding="UTF-8"?>
<TestRun id="19682c6b-c814-452a-b306-cdf593a81a82" name="zhujinrong@517-02-01-633 2015-04-28 09:36:37" runUser="517NA\zhujinrong" xmlns="http://microsoft.com/schemas/VisualStudio/TeamTest/2006">
  <TestRunConfiguration name="本地测试运行" id="48812e57-6796-4d7e-8c8b-4a24049a226f">
    <Description>这是本地测试运行的默认测试运行配置。</Description>
    <Deployment runDeploymentRoot="D:\002baseCode\01CSharp\CommonPrimaryKeyGeneratorComponent\TestResults\zhujinrong_517-02-01-633 2015-04-28 09_36_37">
      <DeploymentItem filename="D:\002baseCode\01CSharp\CommonPrimaryKeyGeneratorComponent\Lucky.PrimaryKeyGenerator.Component\bin\Debug\Lucky.PrimaryKeyGenerator.Component.dll" />
    </Deployment>
    <TestTypeSpecific />
  </TestRunConfiguration>
  <ResultSummary outcome="Failed">
    <Counters total="1" executed="1" error="0" failed="1" timeout="0" aborted="0" inconclusive="0" passedButRunAborted="0" notRunnable="0" notExecuted="0" disconnected="0" warning="0" passed="0" completed="0" inProgress="0" pending="0" />
  </ResultSummary>
  <Times creation="2015-04-28T09:36:37.2069202+08:00" queuing="2015-04-28T09:36:39.6579202+08:00" start="2015-04-28T09:36:39.7529202+08:00" finish="2015-04-28T09:36:46.9989202+08:00" />
  <TestDefinitions>
    <UnitTest name="TestMethod1" storage="d:\002basecode\01csharp\commonprimarykeygeneratorcomponent\testproject1\bin\debug\testproject1.dll" id="59863143-3238-122e-4d8a-637b491cc755">
      <Css projectStructure="" iteration="" />
      <Owners>
        <Owner name="" />
      </Owners>
      <Execution id="edfa533d-257b-4acc-96da-380fc016c8fd" />
      <TestMethod codeBase="D:\002baseCode\01CSharp\CommonPrimaryKeyGeneratorComponent\TestProject1\bin\Debug\TestProject1.dll" adapterTypeName="Microsoft.VisualStudio.TestTools.TestTypes.Unit.UnitTestAdapter, Microsoft.VisualStudio.QualityTools.Tips.UnitTest.Adapter, Version=9.0.0.0, Culture=neutral, PublicKeyToken=b03f5f7f11d50a3a" className="TestProject1.UnitTest1, TestProject1" name="TestMethod1" />
    </UnitTest>
  </TestDefinitions>
  <TestLists>
    <TestList name="列表中未列出的结果" id="8c84fa94-04c1-424b-9868-57a2d4851a1d" />
    <TestList name="所有已加载的结果" id="19431567-8539-422a-85d7-44ee4e166bda" />
  </TestLists>
  <TestEntries>
    <TestEntry testId="59863143-3238-122e-4d8a-637b491cc755" executionId="edfa533d-257b-4acc-96da-380fc016c8fd" testListId="8c84fa94-04c1-424b-9868-57a2d4851a1d" />
  </TestEntries>
  <Results>
    <UnitTestResult executionId="edfa533d-257b-4acc-96da-380fc016c8fd" testId="59863143-3238-122e-4d8a-637b491cc755" testName="TestMethod1" computerName="517-02-01-633" duration="00:00:06.4452292" startTime="2015-04-28T09:36:39.9009202+08:00" endTime="2015-04-28T09:36:46.7219202+08:00" testType="13cdc9d9-ddb5-4fa4-a97d-d965ccfc6d4b" outcome="Failed" testListId="8c84fa94-04c1-424b-9868-57a2d4851a1d">
      <Output>
        <ErrorInfo>
          <Message>测试方法 TestProject1.UnitTest1.TestMethod1 引发异常:  System.Net.Sockets.SocketException: 参考的对象类型不支持尝试的操作。。</Message>
          <StackTrace>    在 System.Net.IPAddress.get_Address()
   在 Lucky.PrimaryKeyGenerator.Component.IPHelper.&lt;GetLocalIpV6List&gt;b__5(IPAddress p) 位置 D:\002baseCode\01CSharp\CommonPrimaryKeyGeneratorComponent\Lucky.PrimaryKeyGenerator.Component\IPHelper.cs:行号 43
   在 System.Linq.Enumerable.WhereSelectArrayIterator`2.MoveNext()
   在 System.Collections.Generic.List`1..ctor(IEnumerable`1 collection)
   在 System.Linq.Enumerable.ToList[TSource](IEnumerable`1 source)
   在 Lucky.PrimaryKeyGenerator.Component.IPHelper.GetLocalIpV6List() 位置 D:\002baseCode\01CSharp\CommonPrimaryKeyGeneratorComponent\Lucky.PrimaryKeyGenerator.Component\IPHelper.cs:行号 41
   在 TestProject1.UnitTest1.TestMethod1() 位置 D:\002baseCode\01CSharp\CommonPrimaryKeyGeneratorComponent\TestProject1\UnitTest1.cs:行号 70
</StackTrace>
        </ErrorInfo>
      </Output>
    </UnitTestResult>
  </Results>
</TestRun>